2018-09-11 11:46:53.815  INFO 12248 --- [main] com.geekcattle.Application               : Starting Application on MOB392 with PID 12248 (started by SPGZ in D:\java项目\财务系统\finance)
2018-09-11 11:46:53.826  INFO 12248 --- [main] com.geekcattle.Application               : The following profiles are active: dev
2018-09-11 11:46:54.211  INFO 12248 --- [main] ationConfigEmbeddedWebApplicationContext : Refreshing org.springframework.boot.context.embedded.AnnotationConfigEmbeddedWebApplicationContext@6dc17b83: startup date [Tue Sep 11 11:46:54 CST 2018]; root of context hierarchy
2018-09-11 11:46:55.141  INFO 12248 --- [main] o.s.b.f.s.DefaultListableBeanFactory     : Overriding bean definition for bean 'customSessionListener' with a different definition: replacing [Generic bean: class [com.geekcattle.core.shiro.CustomSessionListener]; scope=singleton; abstract=false; lazyInit=false; autowireMode=0; dependencyCheck=0; autowireCandidate=true; primary=false; factoryBeanName=null; factoryMethodName=null; initMethodName=null; destroyMethodName=null; defined in file [D:\java项目\财务系统\finance\target\classes\com\geekcattle\core\shiro\CustomSessionListener.class]] with [Root bean: class [null]; scope=; abstract=false; lazyInit=false; autowireMode=3; dependencyCheck=0; autowireCandidate=true; primary=false; factoryBeanName=shiroConfiguration; factoryMethodName=customSessionListener; initMethodName=null; destroyMethodName=(inferred); defined in class path resource [com/geekcattle/core/shiro/ShiroConfiguration.class]]
2018-09-11 11:46:55.276  INFO 12248 --- [main] .s.d.r.c.RepositoryConfigurationDelegate : Multiple Spring Data modules found, entering strict repository configuration mode!
2018-09-11 11:46:55.578  WARN 12248 --- [main] o.s.c.a.ConfigurationClassPostProcessor  : Cannot enhance @Configuration bean definition 'myBatisMapperScannerConfig' since its singleton instance has been created too early. The typical cause is a non-static @Bean method with a BeanDefinitionRegistryPostProcessor return type: Consider declaring such methods as 'static'.
2018-09-11 11:46:55.806  INFO 12248 --- [main] o.s.b.f.s.DefaultListableBeanFactory     : Overriding bean definition for bean 'apiFilter' with a different definition: replacing [Generic bean: class [com.geekcattle.filter.ApiFilter]; scope=singleton; abstract=false; lazyInit=false; autowireMode=0; dependencyCheck=0; autowireCandidate=true; primary=false; factoryBeanName=null; factoryMethodName=null; initMethodName=null; destroyMethodName=null; defined in file [D:\java项目\财务系统\finance\target\classes\com\geekcattle\filter\ApiFilter.class]] with [Root bean: class [org.springframework.boot.web.servlet.FilterRegistrationBean]; scope=; abstract=false; lazyInit=false; autowireMode=0; dependencyCheck=0; autowireCandidate=true; primary=false; factoryBeanName=null; factoryMethodName=null; initMethodName=null; destroyMethodName=null]
2018-09-11 11:46:55.852  INFO 12248 --- [main] trationDelegate$BeanPostProcessorChecker : Bean 'shiroConfiguration' of type [com.geekcattle.core.shiro.ShiroConfiguration$$EnhancerBySpringCGLIB$$b92a561f] is not eligible for getting processed by all BeanPostProcessors (for example: not eligible for auto-proxying)
2018-09-11 11:46:56.308  INFO 12248 --- [main] trationDelegate$BeanPostProcessorChecker : Bean 'adminHashedCredentialsMatcher' of type [org.apache.shiro.authc.credential.HashedCredentialsMatcher] is not eligible for getting processed by all BeanPostProcessors (for example: not eligible for auto-proxying)
2018-09-11 11:46:56.343  INFO 12248 --- [main] trationDelegate$BeanPostProcessorChecker : Bean 'org.springframework.boot.autoconfigure.jdbc.DataSourceConfiguration$Generic' of type [org.springframework.boot.autoconfigure.jdbc.DataSourceConfiguration$Generic] is not eligible for getting processed by all BeanPostProcessors (for example: not eligible for auto-proxying)
2018-09-11 11:46:56.442  INFO 12248 --- [main] trationDelegate$BeanPostProcessorChecker : Bean 'spring.datasource-org.springframework.boot.autoconfigure.jdbc.DataSourceProperties' of type [org.springframework.boot.autoconfigure.jdbc.DataSourceProperties] is not eligible for getting processed by all BeanPostProcessors (for example: not eligible for auto-proxying)
2018-09-11 11:46:56.504  INFO 12248 --- [main] trationDelegate$BeanPostProcessorChecker : Bean 'dataSource' of type [com.alibaba.druid.pool.DruidDataSource] is not eligible for getting processed by all BeanPostProcessors (for example: not eligible for auto-proxying)
2018-09-11 11:46:56.504  INFO 12248 --- [main] trationDelegate$BeanPostProcessorChecker : Bean 'myBatisConfig' of type [com.geekcattle.core.MyBatisConfig$$EnhancerBySpringCGLIB$$2f757000] is not eligible for getting processed by all BeanPostProcessors (for example: not eligible for auto-proxying)
2018-09-11 11:46:56.990  INFO 12248 --- [main] trationDelegate$BeanPostProcessorChecker : Bean 'sqlSessionFactory' of type [org.apache.ibatis.session.defaults.DefaultSqlSessionFactory] is not eligible for getting processed by all BeanPostProcessors (for example: not eligible for auto-proxying)
2018-09-11 11:46:57.095  INFO 12248 --- [main] trationDelegate$BeanPostProcessorChecker : Bean 'adminMapper' of type [tk.mybatis.spring.mapper.MapperFactoryBean] is not eligible for getting processed by all BeanPostProcessors (for example: not eligible for auto-proxying)
2018-09-11 11:46:57.098  INFO 12248 --- [main] trationDelegate$BeanPostProcessorChecker : Bean 'adminMapper' of type [com.sun.proxy.$Proxy66] is not eligible for getting processed by all BeanPostProcessors (for example: not eligible for auto-proxying)
2018-09-11 11:46:57.099  INFO 12248 --- [main] trationDelegate$BeanPostProcessorChecker : Bean 'adminService' of type [com.geekcattle.service.console.AdminService] is not eligible for getting processed by all BeanPostProcessors (for example: not eligible for auto-proxying)
2018-09-11 11:46:57.152  INFO 12248 --- [main] trationDelegate$BeanPostProcessorChecker : Bean 'menuMapper' of type [tk.mybatis.spring.mapper.MapperFactoryBean] is not eligible for getting processed by all BeanPostProcessors (for example: not eligible for auto-proxying)
2018-09-11 11:46:57.155  INFO 12248 --- [main] trationDelegate$BeanPostProcessorChecker : Bean 'menuMapper' of type [com.sun.proxy.$Proxy67] is not eligible for getting processed by all BeanPostProcessors (for example: not eligible for auto-proxying)
2018-09-11 11:46:57.155  INFO 12248 --- [main] trationDelegate$BeanPostProcessorChecker : Bean 'menuService' of type [com.geekcattle.service.console.MenuService] is not eligible for getting processed by all BeanPostProcessors (for example: not eligible for auto-proxying)
2018-09-11 11:46:57.156  INFO 12248 --- [main] trationDelegate$BeanPostProcessorChecker : Bean 'adminShiroRealm' of type [com.geekcattle.core.shiro.AdminShiroRealm] is not eligible for getting processed by all BeanPostProcessors (for example: not eligible for auto-proxying)
2018-09-11 11:46:57.158  INFO 12248 --- [main] trationDelegate$BeanPostProcessorChecker : Bean 'customHashedCredentialsMatcher' of type [org.apache.shiro.authc.credential.HashedCredentialsMatcher] is not eligible for getting processed by all BeanPostProcessors (for example: not eligible for auto-proxying)
2018-09-11 11:46:57.252  INFO 12248 --- [main] trationDelegate$BeanPostProcessorChecker : Bean 'memberMapper' of type [tk.mybatis.spring.mapper.MapperFactoryBean] is not eligible for getting processed by all BeanPostProcessors (for example: not eligible for auto-proxying)
2018-09-11 11:46:57.255  INFO 12248 --- [main] trationDelegate$BeanPostProcessorChecker : Bean 'memberMapper' of type [com.sun.proxy.$Proxy68] is not eligible for getting processed by all BeanPostProcessors (for example: not eligible for auto-proxying)
2018-09-11 11:46:57.257  INFO 12248 --- [main] trationDelegate$BeanPostProcessorChecker : Bean 'memberService' of type [com.geekcattle.service.member.MemberService] is not eligible for getting processed by all BeanPostProcessors (for example: not eligible for auto-proxying)
2018-09-11 11:46:57.259  INFO 12248 --- [main] trationDelegate$BeanPostProcessorChecker : Bean 'customShiroRealm' of type [com.geekcattle.core.shiro.CustomShiroRealm] is not eligible for getting processed by all BeanPostProcessors (for example: not eligible for auto-proxying)
2018-09-11 11:46:57.276  INFO 12248 --- [main] trationDelegate$BeanPostProcessorChecker : Bean 'authenticationStrategy' of type [org.apache.shiro.authc.pam.FirstSuccessfulStrategy] is not eligible for getting processed by all BeanPostProcessors (for example: not eligible for auto-proxying)
2018-09-11 11:46:57.323  INFO 12248 --- [main] trationDelegate$BeanPostProcessorChecker : Bean 'redisConfiguration' of type [com.geekcattle.core.redis.RedisConfiguration$$EnhancerBySpringCGLIB$$83be088b] is not eligible for getting processed by all BeanPostProcessors (for example: not eligible for auto-proxying)
2018-09-11 11:46:57.344  INFO 12248 --- [main] uration$$EnhancerBySpringCGLIB$$83be088b : redisTemplatet注入成功！！
2018-09-11 11:46:57.388  INFO 12248 --- [main] trationDelegate$BeanPostProcessorChecker : Bean 'getJedisPoolConfig' of type [redis.clients.jedis.JedisPoolConfig] is not eligible for getting processed by all BeanPostProcessors (for example: not eligible for auto-proxying)
2018-09-11 11:46:57.388  INFO 12248 --- [main] uration$$EnhancerBySpringCGLIB$$83be088b : JedisConnectionFactory注入成功！！
2018-09-11 11:46:57.430  INFO 12248 --- [main] trationDelegate$BeanPostProcessorChecker : Bean 'jedisConnectionFactory' of type [org.springframework.data.redis.connection.jedis.JedisConnectionFactory] is not eligible for getting processed by all BeanPostProcessors (for example: not eligible for auto-proxying)
2018-09-11 11:46:57.468  INFO 12248 --- [main] trationDelegate$BeanPostProcessorChecker : Bean 'redisTemplate' of type [org.springframework.data.redis.core.RedisTemplate] is not eligible for getting processed by all BeanPostProcessors (for example: not eligible for auto-proxying)
2018-09-11 11:46:57.469  INFO 12248 --- [main] trationDelegate$BeanPostProcessorChecker : Bean 'customSessionListener' of type [com.geekcattle.core.shiro.CustomSessionListener] is not eligible for getting processed by all BeanPostProcessors (for example: not eligible for auto-proxying)
2018-09-11 11:46:57.509  INFO 12248 --- [main] trationDelegate$BeanPostProcessorChecker : Bean 'sessionManager' of type [org.apache.shiro.web.session.mgt.DefaultWebSessionManager] is not eligible for getting processed by all BeanPostProcessors (for example: not eligible for auto-proxying)
2018-09-11 11:46:57.540  INFO 12248 --- [main] trationDelegate$BeanPostProcessorChecker : Bean 'securityManager' of type [org.apache.shiro.web.mgt.DefaultWebSecurityManager] is not eligible for getting processed by all BeanPostProcessors (for example: not eligible for auto-proxying)
2018-09-11 11:46:57.620  INFO 12248 --- [main] trationDelegate$BeanPostProcessorChecker : Bean 'authorizationAttributeSourceAdvisor' of type [org.apache.shiro.spring.security.interceptor.AuthorizationAttributeSourceAdvisor] is not eligible for getting processed by all BeanPostProcessors (for example: not eligible for auto-proxying)
2018-09-11 11:46:57.651  INFO 12248 --- [main] trationDelegate$BeanPostProcessorChecker : Bean 'org.springframework.cache.annotation.ProxyCachingConfiguration' of type [org.springframework.cache.annotation.ProxyCachingConfiguration$$EnhancerBySpringCGLIB$$c5d215cd] is not eligible for getting processed by all BeanPostProcessors (for example: not eligible for auto-proxying)
2018-09-11 11:46:57.733  INFO 12248 --- [main] trationDelegate$BeanPostProcessorChecker : Bean 'annotationDrivenTransactionManager' of type [org.springframework.jdbc.datasource.DataSourceTransactionManager] is not eligible for getting processed by all BeanPostProcessors (for example: not eligible for auto-proxying)
2018-09-11 11:46:57.746  INFO 12248 --- [main] trationDelegate$BeanPostProcessorChecker : Bean 'org.springframework.transaction.annotation.ProxyTransactionManagementConfiguration' of type [org.springframework.transaction.annotation.ProxyTransactionManagementConfiguration$$EnhancerBySpringCGLIB$$7cbfdfaf] is not eligible for getting processed by all BeanPostProcessors (for example: not eligible for auto-proxying)
2018-09-11 11:46:58.328  INFO 12248 --- [main] s.b.c.e.t.TomcatEmbeddedServletContainer : Tomcat initialized with port(s): 8000 (http)
2018-09-11 11:46:58.339  INFO 12248 --- [main] o.apache.catalina.core.StandardService   : Starting service Tomcat
2018-09-11 11:46:58.340  INFO 12248 --- [main] org.apache.catalina.core.StandardEngine  : Starting Servlet Engine: Apache Tomcat/8.5.11
2018-09-11 11:46:58.475  INFO 12248 --- [localhost-startStop-1] o.a.c.c.C.[Tomcat].[localhost].[/]       : Initializing Spring embedded WebApplicationContext
2018-09-11 11:46:58.475  INFO 12248 --- [localhost-startStop-1] o.s.web.context.ContextLoader            : Root WebApplicationContext: initialization completed in 4264 ms
2018-09-11 11:46:58.876  INFO 12248 --- [localhost-startStop-1] o.s.b.w.servlet.FilterRegistrationBean   : Mapping filter: 'characterEncodingFilter' to: [/*]
2018-09-11 11:46:58.876  INFO 12248 --- [localhost-startStop-1] o.s.b.w.servlet.FilterRegistrationBean   : Mapping filter: 'apiFilter' to urls: [/api/member/*]
2018-09-11 11:46:58.876  INFO 12248 --- [localhost-startStop-1] o.s.b.w.servlet.FilterRegistrationBean   : Mapping filter: 'shirFilter' to: [/*]
2018-09-11 11:46:58.876  INFO 12248 --- [localhost-startStop-1] o.s.b.w.servlet.ServletRegistrationBean  : Mapping servlet: 'dispatcherServlet' to [/]
2018-09-11 11:47:00.119  INFO 12248 --- [main] uration$$EnhancerBySpringCGLIB$$83be088b : JedisPool注入成功！！
2018-09-11 11:47:00.128  INFO 12248 --- [main] uration$$EnhancerBySpringCGLIB$$83be088b : cacheManager注入成功！！
2018-09-11 11:47:00.258  INFO 12248 --- [main] s.w.s.m.m.a.RequestMappingHandlerMapping : Mapped "{[/api/member/index],methods=[GET]}" onto public org.springframework.ui.ModelMap com.geekcattle.controller.api.ApiMemberController.index(javax.servlet.http.HttpServletRequest)
2018-09-11 11:47:00.261  INFO 12248 --- [main] s.w.s.m.m.a.RequestMappingHandlerMapping : Mapped "{[/console/admin/index],methods=[GET]}" onto public java.lang.String com.geekcattle.controller.console.AdminController.index(org.springframework.ui.Model)
2018-09-11 11:47:00.262  INFO 12248 --- [main] s.w.s.m.m.a.RequestMappingHandlerMapping : Mapped "{[/console/admin/delete],methods=[GET]}" onto public org.springframework.ui.ModelMap com.geekcattle.controller.console.AdminController.delete(java.lang.String[])
2018-09-11 11:47:00.262  INFO 12248 --- [main] s.w.s.m.m.a.RequestMappingHandlerMapping : Mapped "{[/console/admin/list],methods=[GET]}" onto public org.springframework.ui.ModelMap com.geekcattle.controller.console.AdminController.list(com.geekcattle.model.console.Admin)
2018-09-11 11:47:00.262  INFO 12248 --- [main] s.w.s.m.m.a.RequestMappingHandlerMapping : Mapped "{[/console/admin/save],methods=[POST]}" onto public org.springframework.ui.ModelMap com.geekcattle.controller.console.AdminController.save(com.geekcattle.model.console.Admin,org.springframework.validation.BindingResult)
2018-09-11 11:47:00.262  INFO 12248 --- [main] s.w.s.m.m.a.RequestMappingHandlerMapping : Mapped "{[/console/admin/from],methods=[GET]}" onto public java.lang.String com.geekcattle.controller.console.AdminController.from(com.geekcattle.model.console.Admin,org.springframework.ui.Model)
2018-09-11 11:47:00.263  INFO 12248 --- [main] s.w.s.m.m.a.RequestMappingHandlerMapping : Mapped "{[/console/admin/viewpwd],methods=[GET]}" onto public java.lang.String com.geekcattle.controller.console.AdminController.editpwd(org.springframework.ui.Model)
2018-09-11 11:47:00.263  INFO 12248 --- [main] s.w.s.m.m.a.RequestMappingHandlerMapping : Mapped "{[/console/admin/viewpwd],methods=[POST]}" onto public java.lang.String com.geekcattle.controller.console.AdminController.savepwd(org.springframework.ui.Model,java.lang.String)
2018-09-11 11:47:00.263  INFO 12248 --- [main] s.w.s.m.m.a.RequestMappingHandlerMapping : Mapped "{[/console/admin/savepwd],methods=[POST]}" onto public org.springframework.ui.ModelMap com.geekcattle.controller.console.AdminController.savePwd(java.lang.String,java.lang.String)
2018-09-11 11:47:00.263  INFO 12248 --- [main] s.w.s.m.m.a.RequestMappingHandlerMapping : Mapped "{[/console/upload/index]}" onto public java.lang.String com.geekcattle.controller.console.FileUploadController.index()
2018-09-11 11:47:00.264  INFO 12248 --- [main] s.w.s.m.m.a.RequestMappingHandlerMapping : Mapped "{[/console/log/index],methods=[GET]}" onto public java.lang.String com.geekcattle.controller.console.LogController.index(org.springframework.ui.Model)
2018-09-11 11:47:00.264  INFO 12248 --- [main] s.w.s.m.m.a.RequestMappingHandlerMapping : Mapped "{[/console/log/list],methods=[GET]}" onto public org.springframework.ui.ModelMap com.geekcattle.controller.console.LogController.list(com.geekcattle.model.console.Log)
2018-09-11 11:47:00.269  INFO 12248 --- [main] s.w.s.m.m.a.RequestMappingHandlerMapping : Mapped "{[/console/index],methods=[GET]}" onto public java.lang.String com.geekcattle.controller.console.MainController.index(org.springframework.ui.Model)
2018-09-11 11:47:00.269  INFO 12248 --- [main] s.w.s.m.m.a.RequestMappingHandlerMapping : Mapped "{[/console/main],methods=[POST]}" onto public org.springframework.ui.ModelMap com.geekcattle.controller.console.MainController.main()
2018-09-11 11:47:00.269  INFO 12248 --- [main] s.w.s.m.m.a.RequestMappingHandlerMapping : Mapped "{[/console/main],methods=[GET]}" onto public java.lang.String com.geekcattle.controller.console.MainController.right(org.springframework.ui.Model)
2018-09-11 11:47:00.270  INFO 12248 --- [main] s.w.s.m.m.a.RequestMappingHandlerMapping : Mapped "{[/console/wapper],methods=[GET]}" onto public org.springframework.ui.ModelMap com.geekcattle.controller.console.MainController.wapper()
2018-09-11 11:47:00.272  INFO 12248 --- [main] s.w.s.m.m.a.RequestMappingHandlerMapping : Mapped "{[/console/menu/index],methods=[GET]}" onto public java.lang.String com.geekcattle.controller.console.MenuController.index(org.springframework.ui.Model)
2018-09-11 11:47:00.272  INFO 12248 --- [main] s.w.s.m.m.a.RequestMappingHandlerMapping : Mapped "{[/console/menu/from],methods=[GET]}" onto public java.lang.String com.geekcattle.controller.console.MenuController.add(com.geekcattle.model.console.Menu,org.springframework.ui.Model)
2018-09-11 11:47:00.272  INFO 12248 --- [main] s.w.s.m.m.a.RequestMappingHandlerMapping : Mapped "{[/console/menu/delete],methods=[GET]}" onto public org.springframework.ui.ModelMap com.geekcattle.controller.console.MenuController.delete(java.lang.String[])
2018-09-11 11:47:00.272  INFO 12248 --- [main] s.w.s.m.m.a.RequestMappingHandlerMapping : Mapped "{[/console/menu/list],methods=[GET]}" onto public org.springframework.ui.ModelMap com.geekcattle.controller.console.MenuController.list()
2018-09-11 11:47:00.272  INFO 12248 --- [main] s.w.s.m.m.a.RequestMappingHandlerMapping : Mapped "{[/console/menu/save],methods=[POST]}" onto public org.springframework.ui.ModelMap com.geekcattle.controller.console.MenuController.save(com.geekcattle.model.console.Menu,org.springframework.validation.BindingResult)
2018-09-11 11:47:00.273  INFO 12248 --- [main] s.w.s.m.m.a.RequestMappingHandlerMapping : Mapped "{[/console/menu/listorder],methods=[POST]}" onto public org.springframework.ui.ModelMap com.geekcattle.controller.console.MenuController.updateOrder(java.lang.String,java.lang.Integer)
2018-09-11 11:47:00.274  INFO 12248 --- [main] s.w.s.m.m.a.RequestMappingHandlerMapping : Mapped "{[/console/logout],methods=[GET]}" onto public java.lang.String com.geekcattle.controller.console.PublicController.logout(org.springframework.web.servlet.mvc.support.RedirectAttributes)
2018-09-11 11:47:00.274  INFO 12248 --- [main] s.w.s.m.m.a.RequestMappingHandlerMapping : Mapped "{[/console/403]}" onto public java.lang.String com.geekcattle.controller.console.PublicController.unauthorizedRole()
2018-09-11 11:47:00.274  INFO 12248 --- [main] s.w.s.m.m.a.RequestMappingHandlerMapping : Mapped "{[/console/login],methods=[POST]}" onto public java.lang.String com.geekcattle.controller.console.PublicController.loginPost(com.geekcattle.model.valid.ValidAdmin,org.springframework.validation.BindingResult,org.springframework.web.servlet.mvc.support.RedirectAttributes,javax.servlet.http.HttpServletRequest)
2018-09-11 11:47:00.274  INFO 12248 --- [main] s.w.s.m.m.a.RequestMappingHandlerMapping : Mapped "{[/console/login],methods=[GET]}" onto public java.lang.String com.geekcattle.controller.console.PublicController.loginForm(org.springframework.web.servlet.mvc.support.RedirectAttributes)
2018-09-11 11:47:00.275  INFO 12248 --- [main] s.w.s.m.m.a.RequestMappingHandlerMapping : Mapped "{[/console/pwd/savepwd],methods=[GET]}" onto public java.lang.String com.geekcattle.controller.console.PwdController.edit(org.springframework.ui.Model)
2018-09-11 11:47:00.275  INFO 12248 --- [main] s.w.s.m.m.a.RequestMappingHandlerMapping : Mapped "{[/console/pwd/savepwd],methods=[POST]}" onto public org.springframework.ui.ModelMap com.geekcattle.controller.console.PwdController.editPwd(java.lang.String,java.lang.String)
2018-09-11 11:47:00.278  INFO 12248 --- [main] s.w.s.m.m.a.RequestMappingHandlerMapping : Mapped "{[/console/role/index],methods=[GET]}" onto public java.lang.String com.geekcattle.controller.console.RoleController.index(org.springframework.ui.Model)
2018-09-11 11:47:00.278  INFO 12248 --- [main] s.w.s.m.m.a.RequestMappingHandlerMapping : Mapped "{[/console/role/delete],methods=[GET]}" onto public org.springframework.ui.ModelMap com.geekcattle.controller.console.RoleController.delete(java.lang.String[])
2018-09-11 11:47:00.278  INFO 12248 --- [main] s.w.s.m.m.a.RequestMappingHandlerMapping : Mapped "{[/console/role/list],methods=[GET]}" onto public org.springframework.ui.ModelMap com.geekcattle.controller.console.RoleController.list(com.geekcattle.model.console.Role)
2018-09-11 11:47:00.278  INFO 12248 --- [main] s.w.s.m.m.a.RequestMappingHandlerMapping : Mapped "{[/console/role/save],methods=[POST]}" onto public org.springframework.ui.ModelMap com.geekcattle.controller.console.RoleController.save(com.geekcattle.model.console.Role,org.springframework.validation.BindingResult)
2018-09-11 11:47:00.278  INFO 12248 --- [main] s.w.s.m.m.a.RequestMappingHandlerMapping : Mapped "{[/console/role/from],methods=[GET]}" onto public java.lang.String com.geekcattle.controller.console.RoleController.from(com.geekcattle.model.console.Role,org.springframework.ui.Model)
2018-09-11 11:47:00.279  INFO 12248 --- [main] s.w.s.m.m.a.RequestMappingHandlerMapping : Mapped "{[/console/role/grant],methods=[POST]}" onto public org.springframework.ui.ModelMap com.geekcattle.controller.console.RoleController.grant(java.lang.String,java.lang.String[])
2018-09-11 11:47:00.279  INFO 12248 --- [main] s.w.s.m.m.a.RequestMappingHandlerMapping : Mapped "{[/console/role/menulist],methods=[GET]}" onto public org.springframework.ui.ModelMap com.geekcattle.controller.console.RoleController.menulist(java.lang.String)
2018-09-11 11:47:00.279  INFO 12248 --- [main] s.w.s.m.m.a.RequestMappingHandlerMapping : Mapped "{[/console/role/grant],methods=[GET]}" onto public java.lang.String com.geekcattle.controller.console.RoleController.grantForm(java.lang.String,org.springframework.ui.Model)
2018-09-11 11:47:00.279  INFO 12248 --- [main] s.w.s.m.m.a.RequestMappingHandlerMapping : Mapped "{[/console/role/menutree],methods=[POST || GET]}" onto public org.springframework.ui.ModelMap com.geekcattle.controller.console.RoleController.comboTree(java.lang.String)
2018-09-11 11:47:00.279  INFO 12248 --- [main] s.w.s.m.m.a.RequestMappingHandlerMapping : Mapped "{[/console/role/combobox],methods=[POST || GET]}" onto public org.springframework.ui.ModelMap com.geekcattle.controller.console.RoleController.comboBox()
2018-09-11 11:47:00.280  INFO 12248 --- [main] s.w.s.m.m.a.RequestMappingHandlerMapping : Mapped "{[/console/member/index],methods=[GET]}" onto public java.lang.String com.geekcattle.controller.console.UserController.index(org.springframework.ui.Model)
2018-09-11 11:47:00.280  INFO 12248 --- [main] s.w.s.m.m.a.RequestMappingHandlerMapping : Mapped "{[/console/member/list],methods=[GET]}" onto public org.springframework.ui.ModelMap com.geekcattle.controller.console.UserController.list(com.geekcattle.model.member.Member)
2018-09-11 11:47:00.284  INFO 12248 --- [main] s.w.s.m.m.a.RequestMappingHandlerMapping : Mapped "{[/console/book/index],methods=[GET]}" onto public java.lang.String com.geekcattle.controller.finance.BookController.index(org.springframework.ui.Model)
2018-09-11 11:47:00.284  INFO 12248 --- [main] s.w.s.m.m.a.RequestMappingHandlerMapping : Mapped "{[/console/book/delete],methods=[GET]}" onto public org.springframework.ui.ModelMap com.geekcattle.controller.finance.BookController.delete(java.lang.String[])
2018-09-11 11:47:00.284  INFO 12248 --- [main] s.w.s.m.m.a.RequestMappingHandlerMapping : Mapped "{[/console/book/list],methods=[GET]}" onto public org.springframework.ui.ModelMap com.geekcattle.controller.finance.BookController.list(com.geekcattle.model.finance.Book)
2018-09-11 11:47:00.285  INFO 12248 --- [main] s.w.s.m.m.a.RequestMappingHandlerMapping : Mapped "{[/console/book/save],methods=[POST]}" onto public org.springframework.ui.ModelMap com.geekcattle.controller.finance.BookController.save(com.geekcattle.model.finance.Book,org.springframework.validation.BindingResult)
2018-09-11 11:47:00.285  INFO 12248 --- [main] s.w.s.m.m.a.RequestMappingHandlerMapping : Mapped "{[/console/book/from],methods=[GET]}" onto public java.lang.String com.geekcattle.controller.finance.BookController.from(com.geekcattle.model.finance.Book,org.springframework.ui.Model)
2018-09-11 11:47:00.285  INFO 12248 --- [main] s.w.s.m.m.a.RequestMappingHandlerMapping : Mapped "{[/console/book/combobox],methods=[POST || GET]}" onto public org.springframework.ui.ModelMap com.geekcattle.controller.finance.BookController.comboBox()
2018-09-11 11:47:00.287  INFO 12248 --- [main] s.w.s.m.m.a.RequestMappingHandlerMapping : Mapped "{[/console/accountCertifcate/index],methods=[GET]}" onto public java.lang.String com.geekcattle.controller.finance.FinAccountCertificateController.index(org.springframework.ui.Model)
2018-09-11 11:47:00.287  INFO 12248 --- [main] s.w.s.m.m.a.RequestMappingHandlerMapping : Mapped "{[/console/accountCertifcate/delete],methods=[GET]}" onto public org.springframework.ui.ModelMap com.geekcattle.controller.finance.FinAccountCertificateController.delete(java.lang.String[])
2018-09-11 11:47:00.287  INFO 12248 --- [main] s.w.s.m.m.a.RequestMappingHandlerMapping : Mapped "{[/console/accountCertifcate/list],methods=[GET]}" onto public org.springframework.ui.ModelMap com.geekcattle.controller.finance.FinAccountCertificateController.list(com.geekcattle.model.finance.FinAccountCertificate)
2018-09-11 11:47:00.288  INFO 12248 --- [main] s.w.s.m.m.a.RequestMappingHandlerMapping : Mapped "{[/console/accountCertifcate/save],methods=[POST]}" onto public org.springframework.ui.ModelMap com.geekcattle.controller.finance.FinAccountCertificateController.save(com.geekcattle.model.finance.FinAccountCertificate,org.springframework.validation.BindingResult)
2018-09-11 11:47:00.288  INFO 12248 --- [main] s.w.s.m.m.a.RequestMappingHandlerMapping : Mapped "{[/console/accountCertifcate/from],methods=[GET]}" onto public java.lang.String com.geekcattle.controller.finance.FinAccountCertificateController.from(com.geekcattle.model.finance.FinAccountCertificate,org.springframework.ui.Model)
2018-09-11 11:47:00.289  INFO 12248 --- [main] s.w.s.m.m.a.RequestMappingHandlerMapping : Mapped "{[/console/accountover/index],methods=[GET]}" onto public java.lang.String com.geekcattle.controller.finance.FinAccountOverController.index(org.springframework.ui.Model)
2018-09-11 11:47:00.290  INFO 12248 --- [main] s.w.s.m.m.a.RequestMappingHandlerMapping : Mapped "{[/console/accountover/list],methods=[GET]}" onto public org.springframework.ui.ModelMap com.geekcattle.controller.finance.FinAccountOverController.list(com.geekcattle.model.finance.FinGeneralLedger)
2018-09-11 11:47:00.292  INFO 12248 --- [main] s.w.s.m.m.a.RequestMappingHandlerMapping : Mapped "{[/console/certifcateBase/index],methods=[GET]}" onto public java.lang.String com.geekcattle.controller.finance.FinCertificateBaseController.index(org.springframework.ui.Model)
2018-09-11 11:47:00.293  INFO 12248 --- [main] s.w.s.m.m.a.RequestMappingHandlerMapping : Mapped "{[/console/certifcateBase/update],methods=[POST]}" onto public java.lang.String com.geekcattle.controller.finance.FinCertificateBaseController.update(com.geekcattle.model.finance.FinCertificateBase,org.springframework.validation.BindingResult)
2018-09-11 11:47:00.293  INFO 12248 --- [main] s.w.s.m.m.a.RequestMappingHandlerMapping : Mapped "{[/console/certifcateBase/delete],methods=[GET]}" onto public org.springframework.ui.ModelMap com.geekcattle.controller.finance.FinCertificateBaseController.delete(java.lang.String[])
2018-09-11 11:47:00.293  INFO 12248 --- [main] s.w.s.m.m.a.RequestMappingHandlerMapping : Mapped "{[/console/certifcateBase/list],methods=[GET]}" onto public org.springframework.ui.ModelMap com.geekcattle.controller.finance.FinCertificateBaseController.list(com.geekcattle.model.finance.FinCertificateBase)
2018-09-11 11:47:00.293  INFO 12248 --- [main] s.w.s.m.m.a.RequestMappingHandlerMapping : Mapped "{[/console/certifcateBase/save],methods=[POST]}" onto public java.lang.String com.geekcattle.controller.finance.FinCertificateBaseController.save(com.geekcattle.model.finance.FinCertificateBase,org.springframework.validation.BindingResult)
2018-09-11 11:47:00.293  INFO 12248 --- [main] s.w.s.m.m.a.RequestMappingHandlerMapping : Mapped "{[/console/certifcateBase/from],methods=[GET]}" onto public java.lang.String com.geekcattle.controller.finance.FinCertificateBaseController.from(com.geekcattle.model.finance.FinCertificateBase,org.springframework.ui.Model)
2018-09-11 11:47:00.294  INFO 12248 --- [main] s.w.s.m.m.a.RequestMappingHandlerMapping : Mapped "{[/console/certifcateBase/updatereview],methods=[POST]}" onto public java.lang.String com.geekcattle.controller.finance.FinCertificateBaseController.updateReview(com.geekcattle.model.finance.FinCertificateBase)
2018-09-11 11:47:00.294  INFO 12248 --- [main] s.w.s.m.m.a.RequestMappingHandlerMapping : Mapped "{[/console/certifcateBase/itemList],methods=[GET]}" onto public org.springframework.ui.ModelMap com.geekcattle.controller.finance.FinCertificateBaseController.itemList(com.geekcattle.model.finance.FinCertificateBase)
2018-09-11 11:47:00.294  INFO 12248 --- [main] s.w.s.m.m.a.RequestMappingHandlerMapping : Mapped "{[/console/certifcateBase/getMaxNumber]}" onto public int com.geekcattle.controller.finance.FinCertificateBaseController.getMaxNumber(com.geekcattle.model.finance.FinCertificateBase)
2018-09-11 11:47:00.294  INFO 12248 --- [main] s.w.s.m.m.a.RequestMappingHandlerMapping : Mapped "{[/console/certifcateBase/review],methods=[GET]}" onto public java.lang.String com.geekcattle.controller.finance.FinCertificateBaseController.revew(com.geekcattle.model.finance.FinCertificateBase,org.springframework.ui.Model)
2018-09-11 11:47:00.295  INFO 12248 --- [main] s.w.s.m.m.a.RequestMappingHandlerMapping : Mapped "{[/console/certifcateBase/edit],methods=[GET]}" onto public java.lang.String com.geekcattle.controller.finance.FinCertificateBaseController.edit(com.geekcattle.model.finance.FinCertificateBase,org.springframework.ui.Model)
2018-09-11 11:47:00.300  INFO 12248 --- [main] s.w.s.m.m.a.RequestMappingHandlerMapping : Mapped "{[/console/accountDetails/index],methods=[GET]}" onto public java.lang.String com.geekcattle.controller.finance.FinDetailController.index(org.springframework.ui.Model)
2018-09-11 11:47:00.300  INFO 12248 --- [main] s.w.s.m.m.a.RequestMappingHandlerMapping : Mapped "{[/console/accountDetails/list],methods=[GET]}" onto public org.springframework.ui.ModelMap com.geekcattle.controller.finance.FinDetailController.list(com.geekcattle.model.finance.FinGeneralLedger)
2018-09-11 11:47:00.302  INFO 12248 --- [main] s.w.s.m.m.a.RequestMappingHandlerMapping : Mapped "{[/console/evidenceType/index],methods=[GET]}" onto public java.lang.String com.geekcattle.controller.finance.FinEvidenceTypeController.index(org.springframework.ui.Model)
2018-09-11 11:47:00.302  INFO 12248 --- [main] s.w.s.m.m.a.RequestMappingHandlerMapping : Mapped "{[/console/evidenceType/delete],methods=[GET]}" onto public org.springframework.ui.ModelMap com.geekcattle.controller.finance.FinEvidenceTypeController.delete(java.lang.String[])
2018-09-11 11:47:00.302  INFO 12248 --- [main] s.w.s.m.m.a.RequestMappingHandlerMapping : Mapped "{[/console/evidenceType/list],methods=[GET]}" onto public org.springframework.ui.ModelMap com.geekcattle.controller.finance.FinEvidenceTypeController.list(com.geekcattle.model.finance.FinEvidenceType)
2018-09-11 11:47:00.303  INFO 12248 --- [main] s.w.s.m.m.a.RequestMappingHandlerMapping : Mapped "{[/console/evidenceType/save],methods=[POST]}" onto public org.springframework.ui.ModelMap com.geekcattle.controller.finance.FinEvidenceTypeController.save(com.geekcattle.model.finance.FinEvidenceType,org.springframework.validation.BindingResult)
2018-09-11 11:47:00.303  INFO 12248 --- [main] s.w.s.m.m.a.RequestMappingHandlerMapping : Mapped "{[/console/evidenceType/from],methods=[GET]}" onto public java.lang.String com.geekcattle.controller.finance.FinEvidenceTypeController.from(com.geekcattle.model.finance.FinEvidenceType,org.springframework.ui.Model)
2018-09-11 11:47:00.304  INFO 12248 --- [main] s.w.s.m.m.a.RequestMappingHandlerMapping : Mapped "{[/console/generalLedger/index],methods=[GET]}" onto public java.lang.String com.geekcattle.controller.finance.FinGeneralLedgerController.index(org.springframework.ui.Model)
2018-09-11 11:47:00.304  INFO 12248 --- [main] s.w.s.m.m.a.RequestMappingHandlerMapping : Mapped "{[/console/generalLedger/list],methods=[GET]}" onto public org.springframework.ui.ModelMap com.geekcattle.controller.finance.FinGeneralLedgerController.list(com.geekcattle.model.finance.FinGeneralLedger)
2018-09-11 11:47:00.305  INFO 12248 --- [main] s.w.s.m.m.a.RequestMappingHandlerMapping : Mapped "{[/console/settMethod/index],methods=[GET]}" onto public java.lang.String com.geekcattle.controller.finance.FinSettMethodController.index(org.springframework.ui.Model)
2018-09-11 11:47:00.306  INFO 12248 --- [main] s.w.s.m.m.a.RequestMappingHandlerMapping : Mapped "{[/console/settMethod/delete],methods=[GET]}" onto public org.springframework.ui.ModelMap com.geekcattle.controller.finance.FinSettMethodController.delete(java.lang.String[])
2018-09-11 11:47:00.306  INFO 12248 --- [main] s.w.s.m.m.a.RequestMappingHandlerMapping : Mapped "{[/console/settMethod/list],methods=[GET]}" onto public org.springframework.ui.ModelMap com.geekcattle.controller.finance.FinSettMethodController.list(com.geekcattle.model.finance.FinSettMethod)
2018-09-11 11:47:00.306  INFO 12248 --- [main] s.w.s.m.m.a.RequestMappingHandlerMapping : Mapped "{[/console/settMethod/save],methods=[POST]}" onto public org.springframework.ui.ModelMap com.geekcattle.controller.finance.FinSettMethodController.save(com.geekcattle.model.finance.FinSettMethod,org.springframework.validation.BindingResult)
2018-09-11 11:47:00.306  INFO 12248 --- [main] s.w.s.m.m.a.RequestMappingHandlerMapping : Mapped "{[/console/settMethod/from],methods=[GET]}" onto public java.lang.String com.geekcattle.controller.finance.FinSettMethodController.from(com.geekcattle.model.finance.FinSettMethod,org.springframework.ui.Model)
2018-09-11 11:47:00.307  INFO 12248 --- [main] s.w.s.m.m.a.RequestMappingHandlerMapping : Mapped "{[]}" onto public java.lang.String com.geekcattle.controller.IndexController.index(org.springframework.ui.Model)
2018-09-11 11:47:00.308  INFO 12248 --- [main] s.w.s.m.m.a.RequestMappingHandlerMapping : Mapped "{[/test],methods=[GET]}" onto public java.lang.String com.geekcattle.controller.IndexController.test(org.springframework.ui.Model)
2018-09-11 11:47:00.308  INFO 12248 --- [main] s.w.s.m.m.a.RequestMappingHandlerMapping : Mapped "{[/testPost],methods=[POST]}" onto public java.lang.String com.geekcattle.controller.IndexController.testpost(javax.servlet.http.HttpServletRequest)
2018-09-11 11:47:00.308  INFO 12248 --- [main] s.w.s.m.m.a.RequestMappingHandlerMapping : Mapped "{[/403]}" onto public java.lang.String com.geekcattle.controller.IndexController.forbidden()
2018-09-11 11:47:00.309  INFO 12248 --- [main] s.w.s.m.m.a.RequestMappingHandlerMapping : Mapped "{[/member/index]}" onto public java.lang.String com.geekcattle.controller.member.HomeController.index(org.springframework.ui.Model)
2018-09-11 11:47:00.310  INFO 12248 --- [main] s.w.s.m.m.a.RequestMappingHandlerMapping : Mapped "{[/member/reg],methods=[GET]}" onto public java.lang.String com.geekcattle.controller.member.HomeController.reg()
2018-09-11 11:47:00.310  INFO 12248 --- [main] s.w.s.m.m.a.RequestMappingHandlerMapping : Mapped "{[/member/login],methods=[GET]}" onto public java.lang.String com.geekcattle.controller.member.HomeController.login()
2018-09-11 11:47:00.315  INFO 12248 --- [main] s.w.s.m.m.a.RequestMappingHandlerMapping : Mapped "{[/error]}" onto public org.springframework.http.ResponseEntity<java.util.Map<java.lang.String, java.lang.Object>> org.springframework.boot.autoconfigure.web.BasicErrorController.error(javax.servlet.http.HttpServletRequest)
2018-09-11 11:47:00.316  INFO 12248 --- [main] s.w.s.m.m.a.RequestMappingHandlerMapping : Mapped "{[/error],produces=[text/html]}" onto public org.springframework.web.servlet.ModelAndView org.springframework.boot.autoconfigure.web.BasicErrorController.errorHtml(javax.servlet.http.HttpServletRequest,javax.servlet.http.HttpServletResponse)
2018-09-11 11:47:00.511  INFO 12248 --- [main] o.s.w.s.handler.SimpleUrlHandlerMapping  : Mapped URL path [/static/**] onto handler of type [class org.springframework.web.servlet.resource.ResourceHttpRequestHandler]
2018-09-11 11:47:00.724  INFO 12248 --- [main] s.w.s.m.m.a.RequestMappingHandlerAdapter : Looking for @ControllerAdvice: org.springframework.boot.context.embedded.AnnotationConfigEmbeddedWebApplicationContext@6dc17b83: startup date [Tue Sep 11 11:46:54 CST 2018]; root of context hierarchy
2018-09-11 11:47:02.050  INFO 12248 --- [main] o.s.j.e.a.AnnotationMBeanExporter        : Registering beans for JMX exposure on startup
2018-09-11 11:47:02.052  INFO 12248 --- [main] o.s.j.e.a.AnnotationMBeanExporter        : Bean with name 'dataSource' has been autodetected for JMX exposure
2018-09-11 11:47:02.058  INFO 12248 --- [main] o.s.j.e.a.AnnotationMBeanExporter        : Located MBean 'dataSource': registering with JMX server as MBean [com.alibaba.druid.pool:name=dataSource,type=DruidDataSource]
2018-09-11 11:47:02.105  INFO 12248 --- [main] s.b.c.e.t.TomcatEmbeddedServletContainer : Tomcat started on port(s): 8000 (http)
2018-09-11 11:47:02.112  INFO 12248 --- [main] com.geekcattle.Application               : Started Application in 9.011 seconds (JVM running for 11.185)
2018-09-11 11:51:25.233  INFO 1208 --- [main] com.geekcattle.Application               : Starting Application on MOB392 with PID 1208 (started by SPGZ in D:\java项目\财务系统\finance)
2018-09-11 11:51:25.238  INFO 1208 --- [main] com.geekcattle.Application               : The following profiles are active: dev
2018-09-11 11:51:25.728  INFO 1208 --- [main] ationConfigEmbeddedWebApplicationContext : Refreshing org.springframework.boot.context.embedded.AnnotationConfigEmbeddedWebApplicationContext@6dc17b83: startup date [Tue Sep 11 11:51:25 CST 2018]; root of context hierarchy
2018-09-11 11:51:26.453  INFO 1208 --- [main] o.s.b.f.s.DefaultListableBeanFactory     : Overriding bean definition for bean 'customSessionListener' with a different definition: replacing [Generic bean: class [com.geekcattle.core.shiro.CustomSessionListener]; scope=singleton; abstract=false; lazyInit=false; autowireMode=0; dependencyCheck=0; autowireCandidate=true; primary=false; factoryBeanName=null; factoryMethodName=null; initMethodName=null; destroyMethodName=null; defined in file [D:\java项目\财务系统\finance\target\classes\com\geekcattle\core\shiro\CustomSessionListener.class]] with [Root bean: class [null]; scope=; abstract=false; lazyInit=false; autowireMode=3; dependencyCheck=0; autowireCandidate=true; primary=false; factoryBeanName=shiroConfiguration; factoryMethodName=customSessionListener; initMethodName=null; destroyMethodName=(inferred); defined in class path resource [com/geekcattle/core/shiro/ShiroConfiguration.class]]
2018-09-11 11:51:26.576  INFO 1208 --- [main] .s.d.r.c.RepositoryConfigurationDelegate : Multiple Spring Data modules found, entering strict repository configuration mode!
2018-09-11 11:51:26.849  WARN 1208 --- [main] o.s.c.a.ConfigurationClassPostProcessor  : Cannot enhance @Configuration bean definition 'myBatisMapperScannerConfig' since its singleton instance has been created too early. The typical cause is a non-static @Bean method with a BeanDefinitionRegistryPostProcessor return type: Consider declaring such methods as 'static'.
2018-09-11 11:51:26.983  INFO 1208 --- [main] o.s.b.f.s.DefaultListableBeanFactory     : Overriding bean definition for bean 'apiFilter' with a different definition: replacing [Generic bean: class [com.geekcattle.filter.ApiFilter]; scope=singleton; abstract=false; lazyInit=false; autowireMode=0; dependencyCheck=0; autowireCandidate=true; primary=false; factoryBeanName=null; factoryMethodName=null; initMethodName=null; destroyMethodName=null; defined in file [D:\java项目\财务系统\finance\target\classes\com\geekcattle\filter\ApiFilter.class]] with [Root bean: class [org.springframework.boot.web.servlet.FilterRegistrationBean]; scope=; abstract=false; lazyInit=false; autowireMode=0; dependencyCheck=0; autowireCandidate=true; primary=false; factoryBeanName=null; factoryMethodName=null; initMethodName=null; destroyMethodName=null]
2018-09-11 11:51:27.008  INFO 1208 --- [main] trationDelegate$BeanPostProcessorChecker : Bean 'shiroConfiguration' of type [com.geekcattle.core.shiro.ShiroConfiguration$$EnhancerBySpringCGLIB$$b94923b9] is not eligible for getting processed by all BeanPostProcessors (for example: not eligible for auto-proxying)
2018-09-11 11:51:27.409  INFO 1208 --- [main] trationDelegate$BeanPostProcessorChecker : Bean 'adminHashedCredentialsMatcher' of type [org.apache.shiro.authc.credential.HashedCredentialsMatcher] is not eligible for getting processed by all BeanPostProcessors (for example: not eligible for auto-proxying)
2018-09-11 11:51:27.440  INFO 1208 --- [main] trationDelegate$BeanPostProcessorChecker : Bean 'org.springframework.boot.autoconfigure.jdbc.DataSourceConfiguration$Generic' of type [org.springframework.boot.autoconfigure.jdbc.DataSourceConfiguration$Generic] is not eligible for getting processed by all BeanPostProcessors (for example: not eligible for auto-proxying)
2018-09-11 11:51:27.534  INFO 1208 --- [main] trationDelegate$BeanPostProcessorChecker : Bean 'spring.datasource-org.springframework.boot.autoconfigure.jdbc.DataSourceProperties' of type [org.springframework.boot.autoconfigure.jdbc.DataSourceProperties] is not eligible for getting processed by all BeanPostProcessors (for example: not eligible for auto-proxying)
2018-09-11 11:51:27.575  INFO 1208 --- [main] trationDelegate$BeanPostProcessorChecker : Bean 'dataSource' of type [com.alibaba.druid.pool.DruidDataSource] is not eligible for getting processed by all BeanPostProcessors (for example: not eligible for auto-proxying)
2018-09-11 11:51:27.575  INFO 1208 --- [main] trationDelegate$BeanPostProcessorChecker : Bean 'myBatisConfig' of type [com.geekcattle.core.MyBatisConfig$$EnhancerBySpringCGLIB$$2f943d9a] is not eligible for getting processed by all BeanPostProcessors (for example: not eligible for auto-proxying)
2018-09-11 11:51:27.898  INFO 1208 --- [main] trationDelegate$BeanPostProcessorChecker : Bean 'sqlSessionFactory' of type [org.apache.ibatis.session.defaults.DefaultSqlSessionFactory] is not eligible for getting processed by all BeanPostProcessors (for example: not eligible for auto-proxying)
2018-09-11 11:51:27.947  INFO 1208 --- [main] trationDelegate$BeanPostProcessorChecker : Bean 'adminMapper' of type [tk.mybatis.spring.mapper.MapperFactoryBean] is not eligible for getting processed by all BeanPostProcessors (for example: not eligible for auto-proxying)
2018-09-11 11:51:27.949  INFO 1208 --- [main] trationDelegate$BeanPostProcessorChecker : Bean 'adminMapper' of type [com.sun.proxy.$Proxy66] is not eligible for getting processed by all BeanPostProcessors (for example: not eligible for auto-proxying)
2018-09-11 11:51:27.950  INFO 1208 --- [main] trationDelegate$BeanPostProcessorChecker : Bean 'adminService' of type [com.geekcattle.service.console.AdminService] is not eligible for getting processed by all BeanPostProcessors (for example: not eligible for auto-proxying)
2018-09-11 11:51:27.982  INFO 1208 --- [main] trationDelegate$BeanPostProcessorChecker : Bean 'menuMapper' of type [tk.mybatis.spring.mapper.MapperFactoryBean] is not eligible for getting processed by all BeanPostProcessors (for example: not eligible for auto-proxying)
2018-09-11 11:51:27.984  INFO 1208 --- [main] trationDelegate$BeanPostProcessorChecker : Bean 'menuMapper' of type [com.sun.proxy.$Proxy67] is not eligible for getting processed by all BeanPostProcessors (for example: not eligible for auto-proxying)
2018-09-11 11:51:27.984  INFO 1208 --- [main] trationDelegate$BeanPostProcessorChecker : Bean 'menuService' of type [com.geekcattle.service.console.MenuService] is not eligible for getting processed by all BeanPostProcessors (for example: not eligible for auto-proxying)
2018-09-11 11:51:27.984  INFO 1208 --- [main] trationDelegate$BeanPostProcessorChecker : Bean 'adminShiroRealm' of type [com.geekcattle.core.shiro.AdminShiroRealm] is not eligible for getting processed by all BeanPostProcessors (for example: not eligible for auto-proxying)
2018-09-11 11:51:27.985  INFO 1208 --- [main] trationDelegate$BeanPostProcessorChecker : Bean 'customHashedCredentialsMatcher' of type [org.apache.shiro.authc.credential.HashedCredentialsMatcher] is not eligible for getting processed by all BeanPostProcessors (for example: not eligible for auto-proxying)
2018-09-11 11:51:28.017  INFO 1208 --- [main] trationDelegate$BeanPostProcessorChecker : Bean 'memberMapper' of type [tk.mybatis.spring.mapper.MapperFactoryBean] is not eligible for getting processed by all BeanPostProcessors (for example: not eligible for auto-proxying)
2018-09-11 11:51:28.019  INFO 1208 --- [main] trationDelegate$BeanPostProcessorChecker : Bean 'memberMapper' of type [com.sun.proxy.$Proxy68] is not eligible for getting processed by all BeanPostProcessors (for example: not eligible for auto-proxying)
2018-09-11 11:51:28.019  INFO 1208 --- [main] trationDelegate$BeanPostProcessorChecker : Bean 'memberService' of type [com.geekcattle.service.member.MemberService] is not eligible for getting processed by all BeanPostProcessors (for example: not eligible for auto-proxying)
2018-09-11 11:51:28.020  INFO 1208 --- [main] trationDelegate$BeanPostProcessorChecker : Bean 'customShiroRealm' of type [com.geekcattle.core.shiro.CustomShiroRealm] is not eligible for getting processed by all BeanPostProcessors (for example: not eligible for auto-proxying)
2018-09-11 11:51:28.026  INFO 1208 --- [main] trationDelegate$BeanPostProcessorChecker : Bean 'authenticationStrategy' of type [org.apache.shiro.authc.pam.FirstSuccessfulStrategy] is not eligible for getting processed by all BeanPostProcessors (for example: not eligible for auto-proxying)
2018-09-11 11:51:28.035  INFO 1208 --- [main] trationDelegate$BeanPostProcessorChecker : Bean 'redisConfiguration' of type [com.geekcattle.core.redis.RedisConfiguration$$EnhancerBySpringCGLIB$$83dcd625] is not eligible for getting processed by all BeanPostProcessors (for example: not eligible for auto-proxying)
2018-09-11 11:51:28.040  INFO 1208 --- [main] uration$$EnhancerBySpringCGLIB$$83dcd625 : redisTemplatet注入成功！！
2018-09-11 11:51:28.057  INFO 1208 --- [main] trationDelegate$BeanPostProcessorChecker : Bean 'getJedisPoolConfig' of type [redis.clients.jedis.JedisPoolConfig] is not eligible for getting processed by all BeanPostProcessors (for example: not eligible for auto-proxying)
2018-09-11 11:51:28.058  INFO 1208 --- [main] uration$$EnhancerBySpringCGLIB$$83dcd625 : JedisConnectionFactory注入成功！！
2018-09-11 11:51:28.074  INFO 1208 --- [main] trationDelegate$BeanPostProcessorChecker : Bean 'jedisConnectionFactory' of type [org.springframework.data.redis.connection.jedis.JedisConnectionFactory] is not eligible for getting processed by all BeanPostProcessors (for example: not eligible for auto-proxying)
2018-09-11 11:51:28.090  INFO 1208 --- [main] trationDelegate$BeanPostProcessorChecker : Bean 'redisTemplate' of type [org.springframework.data.redis.core.RedisTemplate] is not eligible for getting processed by all BeanPostProcessors (for example: not eligible for auto-proxying)
2018-09-11 11:51:28.091  INFO 1208 --- [main] trationDelegate$BeanPostProcessorChecker : Bean 'customSessionListener' of type [com.geekcattle.core.shiro.CustomSessionListener] is not eligible for getting processed by all BeanPostProcessors (for example: not eligible for auto-proxying)
2018-09-11 11:51:28.101  INFO 1208 --- [main] trationDelegate$BeanPostProcessorChecker : Bean 'sessionManager' of type [org.apache.shiro.web.session.mgt.DefaultWebSessionManager] is not eligible for getting processed by all BeanPostProcessors (for example: not eligible for auto-proxying)
2018-09-11 11:51:28.115  INFO 1208 --- [main] trationDelegate$BeanPostProcessorChecker : Bean 'securityManager' of type [org.apache.shiro.web.mgt.DefaultWebSecurityManager] is not eligible for getting processed by all BeanPostProcessors (for example: not eligible for auto-proxying)
2018-09-11 11:51:28.159  INFO 1208 --- [main] trationDelegate$BeanPostProcessorChecker : Bean 'authorizationAttributeSourceAdvisor' of type [org.apache.shiro.spring.security.interceptor.AuthorizationAttributeSourceAdvisor] is not eligible for getting processed by all BeanPostProcessors (for example: not eligible for auto-proxying)
2018-09-11 11:51:28.178  INFO 1208 --- [main] trationDelegate$BeanPostProcessorChecker : Bean 'org.springframework.cache.annotation.ProxyCachingConfiguration' of type [org.springframework.cache.annotation.ProxyCachingConfiguration$$EnhancerBySpringCGLIB$$c5f0e367] is not eligible for getting processed by all BeanPostProcessors (for example: not eligible for auto-proxying)
2018-09-11 11:51:28.227  INFO 1208 --- [main] trationDelegate$BeanPostProcessorChecker : Bean 'annotationDrivenTransactionManager' of type [org.springframework.jdbc.datasource.DataSourceTransactionManager] is not eligible for getting processed by all BeanPostProcessors (for example: not eligible for auto-proxying)
2018-09-11 11:51:28.234  INFO 1208 --- [main] trationDelegate$BeanPostProcessorChecker : Bean 'org.springframework.transaction.annotation.ProxyTransactionManagementConfiguration' of type [org.springframework.transaction.annotation.ProxyTransactionManagementConfiguration$$EnhancerBySpringCGLIB$$7cdead49] is not eligible for getting processed by all BeanPostProcessors (for example: not eligible for auto-proxying)
2018-09-11 11:51:28.663  INFO 1208 --- [main] s.b.c.e.t.TomcatEmbeddedServletContainer : Tomcat initialized with port(s): 8000 (http)
2018-09-11 11:51:28.671  INFO 1208 --- [main] o.apache.catalina.core.StandardService   : Starting service Tomcat
2018-09-11 11:51:28.671  INFO 1208 --- [main] org.apache.catalina.core.StandardEngine  : Starting Servlet Engine: Apache Tomcat/8.5.11
2018-09-11 11:51:28.749  INFO 1208 --- [localhost-startStop-1] o.a.c.c.C.[Tomcat].[localhost].[/]       : Initializing Spring embedded WebApplicationContext
2018-09-11 11:51:28.749  INFO 1208 --- [localhost-startStop-1] o.s.web.context.ContextLoader            : Root WebApplicationContext: initialization completed in 3021 ms
2018-09-11 11:51:28.967  INFO 1208 --- [localhost-startStop-1] o.s.b.w.servlet.FilterRegistrationBean   : Mapping filter: 'characterEncodingFilter' to: [/*]
2018-09-11 11:51:28.968  INFO 1208 --- [localhost-startStop-1] o.s.b.w.servlet.FilterRegistrationBean   : Mapping filter: 'apiFilter' to urls: [/api/member/*]
2018-09-11 11:51:28.968  INFO 1208 --- [localhost-startStop-1] o.s.b.w.servlet.FilterRegistrationBean   : Mapping filter: 'shirFilter' to: [/*]
2018-09-11 11:51:28.968  INFO 1208 --- [localhost-startStop-1] o.s.b.w.servlet.ServletRegistrationBean  : Mapping servlet: 'dispatcherServlet' to [/]
2018-09-11 11:51:29.961  INFO 1208 --- [main] uration$$EnhancerBySpringCGLIB$$83dcd625 : JedisPool注入成功！！
2018-09-11 11:51:29.968  INFO 1208 --- [main] uration$$EnhancerBySpringCGLIB$$83dcd625 : cacheManager注入成功！！
2018-09-11 11:51:30.084  INFO 1208 --- [main] s.w.s.m.m.a.RequestMappingHandlerMapping : Mapped "{[/api/member/index],methods=[GET]}" onto public org.springframework.ui.ModelMap com.geekcattle.controller.api.ApiMemberController.index(javax.servlet.http.HttpServletRequest)
2018-09-11 11:51:30.087  INFO 1208 --- [main] s.w.s.m.m.a.RequestMappingHandlerMapping : Mapped "{[/console/admin/index],methods=[GET]}" onto public java.lang.String com.geekcattle.controller.console.AdminController.index(org.springframework.ui.Model)
2018-09-11 11:51:30.087  INFO 1208 --- [main] s.w.s.m.m.a.RequestMappingHandlerMapping : Mapped "{[/console/admin/delete],methods=[GET]}" onto public org.springframework.ui.ModelMap com.geekcattle.controller.console.AdminController.delete(java.lang.String[])
2018-09-11 11:51:30.088  INFO 1208 --- [main] s.w.s.m.m.a.RequestMappingHandlerMapping : Mapped "{[/console/admin/list],methods=[GET]}" onto public org.springframework.ui.ModelMap com.geekcattle.controller.console.AdminController.list(com.geekcattle.model.console.Admin)
2018-09-11 11:51:30.088  INFO 1208 --- [main] s.w.s.m.m.a.RequestMappingHandlerMapping : Mapped "{[/console/admin/save],methods=[POST]}" onto public org.springframework.ui.ModelMap com.geekcattle.controller.console.AdminController.save(com.geekcattle.model.console.Admin,org.springframework.validation.BindingResult)
2018-09-11 11:51:30.088  INFO 1208 --- [main] s.w.s.m.m.a.RequestMappingHandlerMapping : Mapped "{[/console/admin/from],methods=[GET]}" onto public java.lang.String com.geekcattle.controller.console.AdminController.from(com.geekcattle.model.console.Admin,org.springframework.ui.Model)
2018-09-11 11:51:30.088  INFO 1208 --- [main] s.w.s.m.m.a.RequestMappingHandlerMapping : Mapped "{[/console/admin/viewpwd],methods=[POST]}" onto public java.lang.String com.geekcattle.controller.console.AdminController.savepwd(org.springframework.ui.Model,java.lang.String)
2018-09-11 11:51:30.088  INFO 1208 --- [main] s.w.s.m.m.a.RequestMappingHandlerMapping : Mapped "{[/console/admin/viewpwd],methods=[GET]}" onto public java.lang.String com.geekcattle.controller.console.AdminController.editpwd(org.springframework.ui.Model)
2018-09-11 11:51:30.088  INFO 1208 --- [main] s.w.s.m.m.a.RequestMappingHandlerMapping : Mapped "{[/console/admin/savepwd],methods=[POST]}" onto public org.springframework.ui.ModelMap com.geekcattle.controller.console.AdminController.savePwd(java.lang.String,java.lang.String)
2018-09-11 11:51:30.089  INFO 1208 --- [main] s.w.s.m.m.a.RequestMappingHandlerMapping : Mapped "{[/console/upload/index]}" onto public java.lang.String com.geekcattle.controller.console.FileUploadController.index()
2018-09-11 11:51:30.090  INFO 1208 --- [main] s.w.s.m.m.a.RequestMappingHandlerMapping : Mapped "{[/console/log/index],methods=[GET]}" onto public java.lang.String com.geekcattle.controller.console.LogController.index(org.springframework.ui.Model)
2018-09-11 11:51:30.091  INFO 1208 --- [main] s.w.s.m.m.a.RequestMappingHandlerMapping : Mapped "{[/console/log/list],methods=[GET]}" onto public org.springframework.ui.ModelMap com.geekcattle.controller.console.LogController.list(com.geekcattle.model.console.Log)
2018-09-11 11:51:30.094  INFO 1208 --- [main] s.w.s.m.m.a.RequestMappingHandlerMapping : Mapped "{[/console/index],methods=[GET]}" onto public java.lang.String com.geekcattle.controller.console.MainController.index(org.springframework.ui.Model)
2018-09-11 11:51:30.095  INFO 1208 --- [main] s.w.s.m.m.a.RequestMappingHandlerMapping : Mapped "{[/console/main],methods=[POST]}" onto public org.springframework.ui.ModelMap com.geekcattle.controller.console.MainController.main()
2018-09-11 11:51:30.095  INFO 1208 --- [main] s.w.s.m.m.a.RequestMappingHandlerMapping : Mapped "{[/console/main],methods=[GET]}" onto public java.lang.String com.geekcattle.controller.console.MainController.right(org.springframework.ui.Model)
2018-09-11 11:51:30.096  INFO 1208 --- [main] s.w.s.m.m.a.RequestMappingHandlerMapping : Mapped "{[/console/wapper],methods=[GET]}" onto public org.springframework.ui.ModelMap com.geekcattle.controller.console.MainController.wapper()
2018-09-11 11:51:30.098  INFO 1208 --- [main] s.w.s.m.m.a.RequestMappingHandlerMapping : Mapped "{[/console/menu/index],methods=[GET]}" onto public java.lang.String com.geekcattle.controller.console.MenuController.index(org.springframework.ui.Model)
2018-09-11 11:51:30.098  INFO 1208 --- [main] s.w.s.m.m.a.RequestMappingHandlerMapping : Mapped "{[/console/menu/from],methods=[GET]}" onto public java.lang.String com.geekcattle.controller.console.MenuController.add(com.geekcattle.model.console.Menu,org.springframework.ui.Model)
2018-09-11 11:51:30.099  INFO 1208 --- [main] s.w.s.m.m.a.RequestMappingHandlerMapping : Mapped "{[/console/menu/delete],methods=[GET]}" onto public org.springframework.ui.ModelMap com.geekcattle.controller.console.MenuController.delete(java.lang.String[])
2018-09-11 11:51:30.099  INFO 1208 --- [main] s.w.s.m.m.a.RequestMappingHandlerMapping : Mapped "{[/console/menu/list],methods=[GET]}" onto public org.springframework.ui.ModelMap com.geekcattle.controller.console.MenuController.list()
2018-09-11 11:51:30.099  INFO 1208 --- [main] s.w.s.m.m.a.RequestMappingHandlerMapping : Mapped "{[/console/menu/save],methods=[POST]}" onto public org.springframework.ui.ModelMap com.geekcattle.controller.console.MenuController.save(com.geekcattle.model.console.Menu,org.springframework.validation.BindingResult)
2018-09-11 11:51:30.100  INFO 1208 --- [main] s.w.s.m.m.a.RequestMappingHandlerMapping : Mapped "{[/console/menu/listorder],methods=[POST]}" onto public org.springframework.ui.ModelMap com.geekcattle.controller.console.MenuController.updateOrder(java.lang.String,java.lang.Integer)
2018-09-11 11:51:30.101  INFO 1208 --- [main] s.w.s.m.m.a.RequestMappingHandlerMapping : Mapped "{[/console/logout],methods=[GET]}" onto public java.lang.String com.geekcattle.controller.console.PublicController.logout(org.springframework.web.servlet.mvc.support.RedirectAttributes)
2018-09-11 11:51:30.102  INFO 1208 --- [main] s.w.s.m.m.a.RequestMappingHandlerMapping : Mapped "{[/console/403]}" onto public java.lang.String com.geekcattle.controller.console.PublicController.unauthorizedRole()
2018-09-11 11:51:30.102  INFO 1208 --- [main] s.w.s.m.m.a.RequestMappingHandlerMapping : Mapped "{[/console/login],methods=[POST]}" onto public java.lang.String com.geekcattle.controller.console.PublicController.loginPost(com.geekcattle.model.valid.ValidAdmin,org.springframework.validation.BindingResult,org.springframework.web.servlet.mvc.support.RedirectAttributes,javax.servlet.http.HttpServletRequest)
2018-09-11 11:51:30.103  INFO 1208 --- [main] s.w.s.m.m.a.RequestMappingHandlerMapping : Mapped "{[/console/login],methods=[GET]}" onto public java.lang.String com.geekcattle.controller.console.PublicController.loginForm(org.springframework.web.servlet.mvc.support.RedirectAttributes)
2018-09-11 11:51:30.104  INFO 1208 --- [main] s.w.s.m.m.a.RequestMappingHandlerMapping : Mapped "{[/console/pwd/savepwd],methods=[POST]}" onto public org.springframework.ui.ModelMap com.geekcattle.controller.console.PwdController.editPwd(java.lang.String,java.lang.String)
2018-09-11 11:51:30.104  INFO 1208 --- [main] s.w.s.m.m.a.RequestMappingHandlerMapping : Mapped "{[/console/pwd/savepwd],methods=[GET]}" onto public java.lang.String com.geekcattle.controller.console.PwdController.edit(org.springframework.ui.Model)
2018-09-11 11:51:30.107  INFO 1208 --- [main] s.w.s.m.m.a.RequestMappingHandlerMapping : Mapped "{[/console/role/index],methods=[GET]}" onto public java.lang.String com.geekcattle.controller.console.RoleController.index(org.springframework.ui.Model)
2018-09-11 11:51:30.107  INFO 1208 --- [main] s.w.s.m.m.a.RequestMappingHandlerMapping : Mapped "{[/console/role/delete],methods=[GET]}" onto public org.springframework.ui.ModelMap com.geekcattle.controller.console.RoleController.delete(java.lang.String[])
2018-09-11 11:51:30.108  INFO 1208 --- [main] s.w.s.m.m.a.RequestMappingHandlerMapping : Mapped "{[/console/role/list],methods=[GET]}" onto public org.springframework.ui.ModelMap com.geekcattle.controller.console.RoleController.list(com.geekcattle.model.console.Role)
2018-09-11 11:51:30.108  INFO 1208 --- [main] s.w.s.m.m.a.RequestMappingHandlerMapping : Mapped "{[/console/role/save],methods=[POST]}" onto public org.springframework.ui.ModelMap com.geekcattle.controller.console.RoleController.save(com.geekcattle.model.console.Role,org.springframework.validation.BindingResult)
2018-09-11 11:51:30.108  INFO 1208 --- [main] s.w.s.m.m.a.RequestMappingHandlerMapping : Mapped "{[/console/role/from],methods=[GET]}" onto public java.lang.String com.geekcattle.controller.console.RoleController.from(com.geekcattle.model.console.Role,org.springframework.ui.Model)
2018-09-11 11:51:30.109  INFO 1208 --- [main] s.w.s.m.m.a.RequestMappingHandlerMapping : Mapped "{[/console/role/grant],methods=[POST]}" onto public org.springframework.ui.ModelMap com.geekcattle.controller.console.RoleController.grant(java.lang.String,java.lang.String[])
2018-09-11 11:51:30.109  INFO 1208 --- [main] s.w.s.m.m.a.RequestMappingHandlerMapping : Mapped "{[/console/role/menulist],methods=[GET]}" onto public org.springframework.ui.ModelMap com.geekcattle.controller.console.RoleController.menulist(java.lang.String)
2018-09-11 11:51:30.109  INFO 1208 --- [main] s.w.s.m.m.a.RequestMappingHandlerMapping : Mapped "{[/console/role/grant],methods=[GET]}" onto public java.lang.String com.geekcattle.controller.console.RoleController.grantForm(java.lang.String,org.springframework.ui.Model)
2018-09-11 11:51:30.109  INFO 1208 --- [main] s.w.s.m.m.a.RequestMappingHandlerMapping : Mapped "{[/console/role/combobox],methods=[POST || GET]}" onto public org.springframework.ui.ModelMap com.geekcattle.controller.console.RoleController.comboBox()
2018-09-11 11:51:30.110  INFO 1208 --- [main] s.w.s.m.m.a.RequestMappingHandlerMapping : Mapped "{[/console/role/menutree],methods=[POST || GET]}" onto public org.springframework.ui.ModelMap com.geekcattle.controller.console.RoleController.comboTree(java.lang.String)
2018-09-11 11:51:30.110  INFO 1208 --- [main] s.w.s.m.m.a.RequestMappingHandlerMapping : Mapped "{[/console/member/index],methods=[GET]}" onto public java.lang.String com.geekcattle.controller.console.UserController.index(org.springframework.ui.Model)
2018-09-11 11:51:30.111  INFO 1208 --- [main] s.w.s.m.m.a.RequestMappingHandlerMapping : Mapped "{[/console/member/list],methods=[GET]}" onto public org.springframework.ui.ModelMap com.geekcattle.controller.console.UserController.list(com.geekcattle.model.member.Member)
2018-09-11 11:51:30.112  INFO 1208 --- [main] s.w.s.m.m.a.RequestMappingHandlerMapping : Mapped "{[/console/book/index],methods=[GET]}" onto public java.lang.String com.geekcattle.controller.finance.BookController.index(org.springframework.ui.Model)
2018-09-11 11:51:30.112  INFO 1208 --- [main] s.w.s.m.m.a.RequestMappingHandlerMapping : Mapped "{[/console/book/delete],methods=[GET]}" onto public org.springframework.ui.ModelMap com.geekcattle.controller.finance.BookController.delete(java.lang.String[])
2018-09-11 11:51:30.112  INFO 1208 --- [main] s.w.s.m.m.a.RequestMappingHandlerMapping : Mapped "{[/console/book/list],methods=[GET]}" onto public org.springframework.ui.ModelMap com.geekcattle.controller.finance.BookController.list(com.geekcattle.model.finance.Book)
2018-09-11 11:51:30.112  INFO 1208 --- [main] s.w.s.m.m.a.RequestMappingHandlerMapping : Mapped "{[/console/book/save],methods=[POST]}" onto public org.springframework.ui.ModelMap com.geekcattle.controller.finance.BookController.save(com.geekcattle.model.finance.Book,org.springframework.validation.BindingResult)
2018-09-11 11:51:30.112  INFO 1208 --- [main] s.w.s.m.m.a.RequestMappingHandlerMapping : Mapped "{[/console/book/from],methods=[GET]}" onto public java.lang.String com.geekcattle.controller.finance.BookController.from(com.geekcattle.model.finance.Book,org.springframework.ui.Model)
2018-09-11 11:51:30.113  INFO 1208 --- [main] s.w.s.m.m.a.RequestMappingHandlerMapping : Mapped "{[/console/book/combobox],methods=[POST || GET]}" onto public org.springframework.ui.ModelMap com.geekcattle.controller.finance.BookController.comboBox()
2018-09-11 11:51:30.115  INFO 1208 --- [main] s.w.s.m.m.a.RequestMappingHandlerMapping : Mapped "{[/console/accountCertifcate/index],methods=[GET]}" onto public java.lang.String com.geekcattle.controller.finance.FinAccountCertificateController.index(org.springframework.ui.Model)
2018-09-11 11:51:30.116  INFO 1208 --- [main] s.w.s.m.m.a.RequestMappingHandlerMapping : Mapped "{[/console/accountCertifcate/delete],methods=[GET]}" onto public org.springframework.ui.ModelMap com.geekcattle.controller.finance.FinAccountCertificateController.delete(java.lang.String[])
2018-09-11 11:51:30.116  INFO 1208 --- [main] s.w.s.m.m.a.RequestMappingHandlerMapping : Mapped "{[/console/accountCertifcate/list],methods=[GET]}" onto public org.springframework.ui.ModelMap com.geekcattle.controller.finance.FinAccountCertificateController.list(com.geekcattle.model.finance.FinAccountCertificate)
2018-09-11 11:51:30.117  INFO 1208 --- [main] s.w.s.m.m.a.RequestMappingHandlerMapping : Mapped "{[/console/accountCertifcate/save],methods=[POST]}" onto public org.springframework.ui.ModelMap com.geekcattle.controller.finance.FinAccountCertificateController.save(com.geekcattle.model.finance.FinAccountCertificate,org.springframework.validation.BindingResult)
2018-09-11 11:51:30.117  INFO 1208 --- [main] s.w.s.m.m.a.RequestMappingHandlerMapping : Mapped "{[/console/accountCertifcate/from],methods=[GET]}" onto public java.lang.String com.geekcattle.controller.finance.FinAccountCertificateController.from(com.geekcattle.model.finance.FinAccountCertificate,org.springframework.ui.Model)
2018-09-11 11:51:30.118  INFO 1208 --- [main] s.w.s.m.m.a.RequestMappingHandlerMapping : Mapped "{[/console/accountover/index],methods=[GET]}" onto public java.lang.String com.geekcattle.controller.finance.FinAccountOverController.index(org.springframework.ui.Model)
2018-09-11 11:51:30.118  INFO 1208 --- [main] s.w.s.m.m.a.RequestMappingHandlerMapping : Mapped "{[/console/accountover/list],methods=[GET]}" onto public org.springframework.ui.ModelMap com.geekcattle.controller.finance.FinAccountOverController.list(com.geekcattle.model.finance.FinGeneralLedger)
2018-09-11 11:51:30.121  INFO 1208 --- [main] s.w.s.m.m.a.RequestMappingHandlerMapping : Mapped "{[/console/certifcateBase/index],methods=[GET]}" onto public java.lang.String com.geekcattle.controller.finance.FinCertificateBaseController.index(org.springframework.ui.Model)
2018-09-11 11:51:30.121  INFO 1208 --- [main] s.w.s.m.m.a.RequestMappingHandlerMapping : Mapped "{[/console/certifcateBase/update],methods=[POST]}" onto public java.lang.String com.geekcattle.controller.finance.FinCertificateBaseController.update(com.geekcattle.model.finance.FinCertificateBase,org.springframework.validation.BindingResult)
2018-09-11 11:51:30.121  INFO 1208 --- [main] s.w.s.m.m.a.RequestMappingHandlerMapping : Mapped "{[/console/certifcateBase/delete],methods=[GET]}" onto public org.springframework.ui.ModelMap com.geekcattle.controller.finance.FinCertificateBaseController.delete(java.lang.String[])
2018-09-11 11:51:30.121  INFO 1208 --- [main] s.w.s.m.m.a.RequestMappingHandlerMapping : Mapped "{[/console/certifcateBase/list],methods=[GET]}" onto public org.springframework.ui.ModelMap com.geekcattle.controller.finance.FinCertificateBaseController.list(com.geekcattle.model.finance.FinCertificateBase)
2018-09-11 11:51:30.121  INFO 1208 --- [main] s.w.s.m.m.a.RequestMappingHandlerMapping : Mapped "{[/console/certifcateBase/save],methods=[POST]}" onto public java.lang.String com.geekcattle.controller.finance.FinCertificateBaseController.save(com.geekcattle.model.finance.FinCertificateBase,org.springframework.validation.BindingResult)
2018-09-11 11:51:30.122  INFO 1208 --- [main] s.w.s.m.m.a.RequestMappingHandlerMapping : Mapped "{[/console/certifcateBase/from],methods=[GET]}" onto public java.lang.String com.geekcattle.controller.finance.FinCertificateBaseController.from(com.geekcattle.model.finance.FinCertificateBase,org.springframework.ui.Model)
2018-09-11 11:51:30.122  INFO 1208 --- [main] s.w.s.m.m.a.RequestMappingHandlerMapping : Mapped "{[/console/certifcateBase/updatereview],methods=[POST]}" onto public java.lang.String com.geekcattle.controller.finance.FinCertificateBaseController.updateReview(com.geekcattle.model.finance.FinCertificateBase)
2018-09-11 11:51:30.122  INFO 1208 --- [main] s.w.s.m.m.a.RequestMappingHandlerMapping : Mapped "{[/console/certifcateBase/itemList],methods=[GET]}" onto public org.springframework.ui.ModelMap com.geekcattle.controller.finance.FinCertificateBaseController.itemList(com.geekcattle.model.finance.FinCertificateBase)
2018-09-11 11:51:30.122  INFO 1208 --- [main] s.w.s.m.m.a.RequestMappingHandlerMapping : Mapped "{[/console/certifcateBase/review],methods=[GET]}" onto public java.lang.String com.geekcattle.controller.finance.FinCertificateBaseController.revew(com.geekcattle.model.finance.FinCertificateBase,org.springframework.ui.Model)
2018-09-11 11:51:30.122  INFO 1208 --- [main] s.w.s.m.m.a.RequestMappingHandlerMapping : Mapped "{[/console/certifcateBase/getMaxNumber]}" onto public int com.geekcattle.controller.finance.FinCertificateBaseController.getMaxNumber(com.geekcattle.model.finance.FinCertificateBase)
2018-09-11 11:51:30.122  INFO 1208 --- [main] s.w.s.m.m.a.RequestMappingHandlerMapping : Mapped "{[/console/certifcateBase/edit],methods=[GET]}" onto public java.lang.String com.geekcattle.controller.finance.FinCertificateBaseController.edit(com.geekcattle.model.finance.FinCertificateBase,org.springframework.ui.Model)
2018-09-11 11:51:30.127  INFO 1208 --- [main] s.w.s.m.m.a.RequestMappingHandlerMapping : Mapped "{[/console/accountDetails/index],methods=[GET]}" onto public java.lang.String com.geekcattle.controller.finance.FinDetailController.index(org.springframework.ui.Model)
2018-09-11 11:51:30.127  INFO 1208 --- [main] s.w.s.m.m.a.RequestMappingHandlerMapping : Mapped "{[/console/accountDetails/list],methods=[GET]}" onto public org.springframework.ui.ModelMap com.geekcattle.controller.finance.FinDetailController.list(com.geekcattle.model.finance.FinGeneralLedger)
2018-09-11 11:51:30.128  INFO 1208 --- [main] s.w.s.m.m.a.RequestMappingHandlerMapping : Mapped "{[/console/evidenceType/index],methods=[GET]}" onto public java.lang.String com.geekcattle.controller.finance.FinEvidenceTypeController.index(org.springframework.ui.Model)
2018-09-11 11:51:30.128  INFO 1208 --- [main] s.w.s.m.m.a.RequestMappingHandlerMapping : Mapped "{[/console/evidenceType/delete],methods=[GET]}" onto public org.springframework.ui.ModelMap com.geekcattle.controller.finance.FinEvidenceTypeController.delete(java.lang.String[])
2018-09-11 11:51:30.128  INFO 1208 --- [main] s.w.s.m.m.a.RequestMappingHandlerMapping : Mapped "{[/console/evidenceType/list],methods=[GET]}" onto public org.springframework.ui.ModelMap com.geekcattle.controller.finance.FinEvidenceTypeController.list(com.geekcattle.model.finance.FinEvidenceType)
2018-09-11 11:51:30.128  INFO 1208 --- [main] s.w.s.m.m.a.RequestMappingHandlerMapping : Mapped "{[/console/evidenceType/save],methods=[POST]}" onto public org.springframework.ui.ModelMap com.geekcattle.controller.finance.FinEvidenceTypeController.save(com.geekcattle.model.finance.FinEvidenceType,org.springframework.validation.BindingResult)
2018-09-11 11:51:30.128  INFO 1208 --- [main] s.w.s.m.m.a.RequestMappingHandlerMapping : Mapped "{[/console/evidenceType/from],methods=[GET]}" onto public java.lang.String com.geekcattle.controller.finance.FinEvidenceTypeController.from(com.geekcattle.model.finance.FinEvidenceType,org.springframework.ui.Model)
2018-09-11 11:51:30.129  INFO 1208 --- [main] s.w.s.m.m.a.RequestMappingHandlerMapping : Mapped "{[/console/generalLedger/index],methods=[GET]}" onto public java.lang.String com.geekcattle.controller.finance.FinGeneralLedgerController.index(org.springframework.ui.Model)
2018-09-11 11:51:30.129  INFO 1208 --- [main] s.w.s.m.m.a.RequestMappingHandlerMapping : Mapped "{[/console/generalLedger/list],methods=[GET]}" onto public org.springframework.ui.ModelMap com.geekcattle.controller.finance.FinGeneralLedgerController.list(com.geekcattle.model.finance.FinGeneralLedger)
2018-09-11 11:51:30.130  INFO 1208 --- [main] s.w.s.m.m.a.RequestMappingHandlerMapping : Mapped "{[/console/settMethod/index],methods=[GET]}" onto public java.lang.String com.geekcattle.controller.finance.FinSettMethodController.index(org.springframework.ui.Model)
2018-09-11 11:51:30.130  INFO 1208 --- [main] s.w.s.m.m.a.RequestMappingHandlerMapping : Mapped "{[/console/settMethod/delete],methods=[GET]}" onto public org.springframework.ui.ModelMap com.geekcattle.controller.finance.FinSettMethodController.delete(java.lang.String[])
2018-09-11 11:51:30.130  INFO 1208 --- [main] s.w.s.m.m.a.RequestMappingHandlerMapping : Mapped "{[/console/settMethod/list],methods=[GET]}" onto public org.springframework.ui.ModelMap com.geekcattle.controller.finance.FinSettMethodController.list(com.geekcattle.model.finance.FinSettMethod)
2018-09-11 11:51:30.130  INFO 1208 --- [main] s.w.s.m.m.a.RequestMappingHandlerMapping : Mapped "{[/console/settMethod/save],methods=[POST]}" onto public org.springframework.ui.ModelMap com.geekcattle.controller.finance.FinSettMethodController.save(com.geekcattle.model.finance.FinSettMethod,org.springframework.validation.BindingResult)
2018-09-11 11:51:30.130  INFO 1208 --- [main] s.w.s.m.m.a.RequestMappingHandlerMapping : Mapped "{[/console/settMethod/from],methods=[GET]}" onto public java.lang.String com.geekcattle.controller.finance.FinSettMethodController.from(com.geekcattle.model.finance.FinSettMethod,org.springframework.ui.Model)
2018-09-11 11:51:30.131  INFO 1208 --- [main] s.w.s.m.m.a.RequestMappingHandlerMapping : Mapped "{[]}" onto public java.lang.String com.geekcattle.controller.IndexController.index(org.springframework.ui.Model)
2018-09-11 11:51:30.131  INFO 1208 --- [main] s.w.s.m.m.a.RequestMappingHandlerMapping : Mapped "{[/test],methods=[GET]}" onto public java.lang.String com.geekcattle.controller.IndexController.test(org.springframework.ui.Model)
2018-09-11 11:51:30.131  INFO 1208 --- [main] s.w.s.m.m.a.RequestMappingHandlerMapping : Mapped "{[/403]}" onto public java.lang.String com.geekcattle.controller.IndexController.forbidden()
2018-09-11 11:51:30.131  INFO 1208 --- [main] s.w.s.m.m.a.RequestMappingHandlerMapping : Mapped "{[/testPost],methods=[POST]}" onto public java.lang.String com.geekcattle.controller.IndexController.testpost(javax.servlet.http.HttpServletRequest)
2018-09-11 11:51:30.132  INFO 1208 --- [main] s.w.s.m.m.a.RequestMappingHandlerMapping : Mapped "{[/member/index]}" onto public java.lang.String com.geekcattle.controller.member.HomeController.index(org.springframework.ui.Model)
2018-09-11 11:51:30.132  INFO 1208 --- [main] s.w.s.m.m.a.RequestMappingHandlerMapping : Mapped "{[/member/reg],methods=[GET]}" onto public java.lang.String com.geekcattle.controller.member.HomeController.reg()
2018-09-11 11:51:30.133  INFO 1208 --- [main] s.w.s.m.m.a.RequestMappingHandlerMapping : Mapped "{[/member/login],methods=[GET]}" onto public java.lang.String com.geekcattle.controller.member.HomeController.login()
2018-09-11 11:51:30.137  INFO 1208 --- [main] s.w.s.m.m.a.RequestMappingHandlerMapping : Mapped "{[/error]}" onto public org.springframework.http.ResponseEntity<java.util.Map<java.lang.String, java.lang.Object>> org.springframework.boot.autoconfigure.web.BasicErrorController.error(javax.servlet.http.HttpServletRequest)
2018-09-11 11:51:30.137  INFO 1208 --- [main] s.w.s.m.m.a.RequestMappingHandlerMapping : Mapped "{[/error],produces=[text/html]}" onto public org.springframework.web.servlet.ModelAndView org.springframework.boot.autoconfigure.web.BasicErrorController.errorHtml(javax.servlet.http.HttpServletRequest,javax.servlet.http.HttpServletResponse)
2018-09-11 11:51:30.243  INFO 1208 --- [main] o.s.w.s.handler.SimpleUrlHandlerMapping  : Mapped URL path [/static/**] onto handler of type [class org.springframework.web.servlet.resource.ResourceHttpRequestHandler]
2018-09-11 11:51:30.369  INFO 1208 --- [main] s.w.s.m.m.a.RequestMappingHandlerAdapter : Looking for @ControllerAdvice: org.springframework.boot.context.embedded.AnnotationConfigEmbeddedWebApplicationContext@6dc17b83: startup date [Tue Sep 11 11:51:25 CST 2018]; root of context hierarchy
2018-09-11 11:51:31.351  INFO 1208 --- [main] o.s.j.e.a.AnnotationMBeanExporter        : Registering beans for JMX exposure on startup
2018-09-11 11:51:31.352  INFO 1208 --- [main] o.s.j.e.a.AnnotationMBeanExporter        : Bean with name 'dataSource' has been autodetected for JMX exposure
2018-09-11 11:51:31.356  INFO 1208 --- [main] o.s.j.e.a.AnnotationMBeanExporter        : Located MBean 'dataSource': registering with JMX server as MBean [com.alibaba.druid.pool:name=dataSource,type=DruidDataSource]
2018-09-11 11:51:31.397  INFO 1208 --- [main] s.b.c.e.t.TomcatEmbeddedServletContainer : Tomcat started on port(s): 8000 (http)
2018-09-11 11:51:31.401  INFO 1208 --- [main] com.geekcattle.Application               : Started Application in 6.709 seconds (JVM running for 7.791)
